<?xml version="1.0" encoding="UTF-8"?>
<testsuite name="vecindapp.InstitucionSpec" tests="3" skipped="0" failures="0" errors="0" timestamp="2017-07-29T03:32:47" hostname="gaston" time="0.051">
  <properties/>
  <testcase name="test institucion valida" classname="vecindapp.InstitucionSpec" time="0.041"/>
  <testcase name="test institucion sin nombre" classname="vecindapp.InstitucionSpec" time="0.004"/>
  <testcase name="test institucion con nombre vacio" classname="vecindapp.InstitucionSpec" time="0.004"/>
  <system-out><![CDATA[]]></system-out>
  <system-err><![CDATA[]]></system-err>
</testsuite>
