<?xml version="1.0" encoding="UTF-8"?>
<testsuite name="vecindapp.VecinoSpec" tests="6" skipped="0" failures="0" errors="0" timestamp="2017-07-29T03:32:48" hostname="gaston" time="0.078">
  <properties/>
  <testcase name="test vecino valido" classname="vecindapp.VecinoSpec" time="0.034"/>
  <testcase name="test vecino sin nombre" classname="vecindapp.VecinoSpec" time="0.006"/>
  <testcase name="test vecino con nombre vacio" classname="vecindapp.VecinoSpec" time="0.006"/>
  <testcase name="test vecino sin apellido" classname="vecindapp.VecinoSpec" time="0.006"/>
  <testcase name="test vecino con apellido vacio" classname="vecindapp.VecinoSpec" time="0.012"/>
  <testcase name="test vecino sin fecha de nacimiento" classname="vecindapp.VecinoSpec" time="0.009"/>
  <system-out><![CDATA[]]></system-out>
  <system-err><![CDATA[]]></system-err>
</testsuite>
