<?xml version="1.0" encoding="UTF-8"?>
<testsuite name="vecindapp.AreaSpec" tests="1" skipped="0" failures="0" errors="0" timestamp="2017-07-29T03:32:41" hostname="gaston" time="4.972">
  <properties/>
  <testcase name="test something" classname="vecindapp.AreaSpec" time="4.972"/>
  <system-out><![CDATA[]]></system-out>
  <system-err><![CDATA[]]></system-err>
</testsuite>
