<?xml version="1.0" encoding="UTF-8"?>
<testsuite name="vecindapp.CoordenadaSpec" tests="5" skipped="0" failures="0" errors="0" timestamp="2017-07-29T03:32:47" hostname="gaston" time="0.075">
  <properties/>
  <testcase name="test coordenada valida" classname="vecindapp.CoordenadaSpec" time="0.044"/>
  <testcase name="test coordenada latitud excede el maximo" classname="vecindapp.CoordenadaSpec" time="0.006"/>
  <testcase name="test coordenada latitud excede el minimo" classname="vecindapp.CoordenadaSpec" time="0.006"/>
  <testcase name="test coordenada longitud excede el maximo" classname="vecindapp.CoordenadaSpec" time="0.007"/>
  <testcase name="test coordenada longitud excede el minimo" classname="vecindapp.CoordenadaSpec" time="0.01"/>
  <system-out><![CDATA[]]></system-out>
  <system-err><![CDATA[]]></system-err>
</testsuite>
