<?xml version="1.0" encoding="UTF-8"?>
<testsuite name="vecindapp.ComercioSpec" tests="1" skipped="0" failures="0" errors="0" timestamp="2017-07-29T03:32:48" hostname="gaston" time="1.007">
  <properties/>
  <testcase name="test something" classname="vecindapp.ComercioSpec" time="1.007"/>
  <system-out><![CDATA[]]></system-out>
  <system-err><![CDATA[]]></system-err>
</testsuite>
